This file contains any messages produced by compilers while
running configure, to aid debugging if configure makes a mistake.

It was created by configure, which was
generated by GNU Autoconf 2.60.  Invocation command line was

  $ ../pcre-7.0-src/configure --prefix=c:/progra~1/Pcre --srcdir=../pcre-7.0-src --enable-shared --disable-static --enable-utf8 --enable-unicode-properties --enable-newline-is-any --disable-cpp

## --------- ##
## Platform. ##
## --------- ##

hostname = gamma
uname -m = i686
uname -r = 1.5.24(0.156/4/2)
uname -s = CYGWIN_NT-5.1
uname -v = 2007-01-31 10:57

/usr/bin/uname -p = unknown
/bin/uname -X     = unknown

/bin/arch              = i686
/usr/bin/arch -k       = i686
/usr/convex/getsysinfo = unknown
/usr/bin/hostinfo      = unknown
/bin/machine           = unknown
/usr/bin/oslevel       = unknown
/bin/universe          = unknown

PATH: /cygdrive/g/mingw/3.4.5/bin
PATH: /usr/bin
PATH: /usr/local/bin
PATH: /cygdrive/d/Util
PATH: /cygdrive/d/Program Files/GnuWin32/bin
PATH: /cygdrive/g/TeX/miktex/bin
PATH: /cygdrive/g/TeX/bin/win32
PATH: /cygdrive/c/WINDOWS/system32
PATH: /cygdrive/c/WINDOWS
PATH: /cygdrive/c/WINDOWS/System32/Wbem
PATH: /cygdrive/d/Program Files/Microsoft SQL Server/90/Tools/binn/


## ----------- ##
## Core tests. ##
## ----------- ##

configure:1820: loading site script j:/config.site
| # These two variables are required, otherwise looking for
| # programs along the PATH will not work.
| PATH_SEPARATOR=:
| PATH_EXPAND=y
| PWD=`pwd.sh`
| 
| # This is required in for "test -f foo" to find foo.exe
| export TEST_FINDS_EXE=y
| 
| # Install programs
| INSTALL=${INSTALL:='/bin/install.exe -cp'}
| INSTALL_DATA=${INSTALL_DATA:='/bin/install.exe -cp'}
| INSTALL_PROGRAM=${INSTALL_PROGRAM:='/bin/install.exe -cp'}
| 
| # Do not detect fork even if a stub is provided
| ac_cv_func_fork=no
| ac_cv_func_vfork=no
| 
| ac_cv_func_fchdir=no
| 
| # Detect socket functions 
| ac_cv_func_gethostbyname=${ac_cv_func_gethostbyname:=yes}
| ac_cv_func_inet_ntoa=${ac_cv_func_inet_ntoa:=yes}
| ac_cv_func_gethostbyaddr=${ac_cv_func_gethostbyaddr:=yes}
| ac_cv_func_gethostname=${ac_cv_func_gethostname:=yes}
| ac_cv_func_connect=${ac_cv_func_connect:=yes}
| 
| ac_cv_func_ftruncate=${ac_cv_func_ftruncate:=yes}
| #ac_cv_func_mkstemp=${ac_cv_func_mkstemp:=yes}
| ac_cv_var_tzname=${ac_cv_var_tzname:=yes}
| ac_cv_func_working_mktime=${ac_cv_func_working_mktime:=yes}
| 
| ac_cv_sys_file_offset_bits=${ac_cv_sys_file_offset_bits:=64}
| ac_cv_sys_large_files=${ac_cv_sys_large_files:=1}
| ac_cv_sys_largefile_source=${ac_cv_sys_largefile_source:=1}
| enable_largefile=${enable_largefile:=yes}
| 
| gl_cv_func_getcwd_null=${gl_cv_func_getcwd_null:=yes}
| gl_cv_func_chown_follows_symlink=${gl_cv_func_chown_follows_symlink:=yes}
| 
| # These are set here so the generated libtool will be good
| # for every installation, not only the one where the
| # package was configured.
| NM=${NM='nm'}
| LD=${LD='ld'}
| 
| # Force the test for 'ln -s' to report 'cp -fp'.
| ac_cv_prog_LN_S=${ac_cv_prog_LN_S:='cp -fp'}
| cl_cv_prog_LN=${cl_cv_prog_LN:='cp -fp'}
| cl_cv_prog_LN_S=${cl_cv_prog_LN_S:='cp -fp'}
| LN_S=${LN_S:='cp -fp'}
| LN=${LN:='cp -fp'}
| 
| ac_executable_extensions=${ac_executable_extensions:='.exe'}
| EXEEXT=${EXEEXT:='.exe'}
| EXE=${EXE:='.exe'}
| exeext=${exeext:='.exe'}
| 
| CC=${CC:=gcc}
| CXX=${CXX:=g++}
| #HOST_CC=gcc
| 
| if [ "$GLIBCINCDIR" != "" ]; then
| 	GLIBCINCL="-I$GLIBCINCDIR"
| fi
| GLIBCINCDIR=${GLIBCINCDIR=G:/WinX/include}
| #GLIBCINCDIR=
| GNUWIN32DIR=${GNUWIN32DIR=D:/Progra~1/GnuWin32}
| if [ "$GNUWIN32DIR" != "" ]; then
| 	GNUWIN32INCL=
| #	GNUWIN32INCL="-IJ:/LibC/0.6/libc-0.6-src/include"
| #	GNUWIN32INCL="-idirafter $GNUWIN32DIR/include"
| 	GNUWIN32INCL="-I$GNUWIN32DIR/include"
| #	GNUWIN32LIBS="-lgw32c"
| #	GNUWIN32INCL=
| 	GNUWIN32LIBS=
| #	GNUWIN32LIBS=-lc
| #	GNUWIN32LIBDIR="-LJ:/LibC/0.6/libc-0.6/.libs"
| 	GNUWIN32LIBDIR="-L$GNUWIN32DIR/lib"
| else
| 	enable_nls=no
| fi
| 
| #STDEFS=${STDEFS=-D__GW32__ -D_LARGEFILE_SOURCE=1 -D_LARGEFILE64_SOURCE=1 -D_FILE_OFFSET_BITS=64}
| STDEFS=
| # -D__GTHREAD_HIDE_WIN32API
| DEFS=${DEFS= $STDEFS $DEFSPLUS }
| DEFINES=${DEFINES= $DEFS $DEFINESPLUS }
| INCLUDES=${INCLUDES= $INCLUDESPLUS $GNUWIN32INCL $GLIBCINCL }
| STCFLAGS=${STCFLAGS=-Wall -O3 -fms-extensions -mms-bitfields -fno-exceptions -fomit-frame-pointer -march=i386 -ffast-math}
| CFLAGS=${CFLAGS= $STCFLAGS $CFLAGSPLUS }
| # -fnative-struct 
| 
| CXXFLAGS=${CXXFLAGS= $CFLAGS -fconserve-space -fno-rtti $CXXFLAGSPLUS }
| CPPFLAGS=${CPPFLAGS= $DEFS $INCLUDES $CPPFLAGSPLUS }
| 
| STLDFLAGS=${STLDFLAGS=-Wl,-s -Wl,--force-exe-suffix -Wl,--enable-auto-import -Wl,--enable-runtime-pseudo-reloc -Wl,--allow-multiple-definition -Wl,--enable-stdcall-fixup $GNUWIN32LIBDIR }
| LDFLAGS=${LDFLAGS= $STLDFLAGS $LDFLAGSPLUS }
| STLIBS=${STLIBS=$GNUWIN32LIBDIR $GNUWIN32LIBS -lintl -lwsock32 -lole32 -luuid -lmsvcp60 }
| # -liberty -lintl 
| LIBS=${LIBS= -Wl,-s $LIBSPLUS $STLIBS }
| # 
| 
| host=${host:='i386-pc-mingw32'}
| build=${build:=$host}
| target=${target:=$host}
| host_alias=${host_alias:=$host}
| build_alias=${build_alias:=$build}
| target_alias=${target_alias:=$target}
| ac_cv_host=${ac_cv_host:=$host}
| ac_cv_build=${ac_cv_build:=$build}
| # The default values for transforming the program names cannot be the same
| # as the autoconf variables since these are set by configure before
| # config.site is read
| program_transform_name=${prog_transform_name:='s/i386-pc-mingw32//'}
| program_prefix=${prog_prefix:=''}
| program_suffix=${prog_suffix:=''}
| 
| # the following lines should ensure that NLS is used
| # by means of separate libintl instead of
| # the libintl provided with the package
| with_included_gettext=${with_included_gettext:=no}
| without_included_gettext=${without_included_gettext:=yes}
| enable_nls=${enable_nls:=yes}
| nls_cv_use_gnu_gettext=${nls_cv_use_gnu_gettext:=no}
| USE_NLS=${USE_NLS:=yes}
| INTLDEPS=${INTLDEPS:=' '}
| INTLOBJS=${INTLOBJS:=' '}
| LIBINTL=${LIBINTL:=' -lintl '}
| LTLIBINTL=${LTLIBINTL:=' -lintl '}
| BUILD_INCLUDED_LIBINTL=${BUILD_INCLUDED_LIBINTL:=no}
| USE_INCLUDED_LIBINTL=${USE_INCLUDED_LIBINTL:=no}
| 
| test "$prefix" = NONE && prefix=$PACKAGE_TARNAME
| prefix=${prefix:=c:/progra~1/GnuWin32}
configure:1996: checking for gcc
configure:2023: result: gcc
configure:2261: checking for C compiler version
configure:2268: gcc --version >&5
gcc.exe (GCC) 3.4.5 (mingw special)
Copyright (C) 2004 Free Software Foundation, Inc.
This is free software; see the source for copying conditions.  There is NO
warranty; not even for MERCHANTABILITY or FITNESS FOR A PARTICULAR PURPOSE.

configure:2271: $? = 0
configure:2278: gcc -v >&5
Reading specs from g:/mingw/3.4.5/bin/../lib/gcc/mingw32/3.4.5/specs
Configured with: ../gcc-3.4.5/configure --with-gcc --with-gnu-ld --with-gnu-as --host=mingw32 --target=mingw32 --prefix=/mingw --enable-threads --disable-nls --enable-languages=c,c++,f77,ada,objc,java --disable-win32-registry --disable-shared --enable-sjlj-exceptions --enable-libgcj --disable-java-awt --without-x --enable-java-gc=boehm --disable-libgcj-debug --enable-interpreter --enable-hash-synchronization --enable-libstdcxx-debug
Thread model: win32
gcc version 3.4.5 (mingw special)
configure:2281: $? = 0
configure:2288: gcc -V >&5
gcc.exe: `-V' option must have argument
configure:2291: $? = 1
configure:2314: checking for C compiler default output file name
configure:2341: gcc  -Wall -O3 -fms-extensions -mms-bitfields -fno-exceptions -fomit-frame-pointer -march=i386 -ffast-math                -Wl,-s -Wl,--force-exe-suffix -Wl,--enable-auto-import -Wl,--enable-runtime-pseudo-reloc -Wl,--allow-multiple-definition -Wl,--enable-stdcall-fixup     conftest.c  -Wl,-s    >&5
configure:2344: $? = 0
configure:2390: result: a.exe
configure:2395: checking whether the C compiler works
configure:2405: ./a.exe
configure:2408: $? = 0
configure:2425: result: yes
configure:2432: checking whether we are cross compiling
configure:2434: result: no
configure:2437: checking for suffix of executables
configure:2444: gcc -o conftest.exe  -Wall -O3 -fms-extensions -mms-bitfields -fno-exceptions -fomit-frame-pointer -march=i386 -ffast-math                -Wl,-s -Wl,--force-exe-suffix -Wl,--enable-auto-import -Wl,--enable-runtime-pseudo-reloc -Wl,--allow-multiple-definition -Wl,--enable-stdcall-fixup     conftest.c  -Wl,-s    >&5
configure:2447: $? = 0
configure:2471: result: .exe
configure:2477: checking for suffix of object files
configure:2503: gcc -c  -Wall -O3 -fms-extensions -mms-bitfields -fno-exceptions -fomit-frame-pointer -march=i386 -ffast-math               conftest.c >&5
configure:2506: $? = 0
configure:2529: result: o
configure:2533: checking whether we are using the GNU C compiler
configure:2562: gcc -c  -Wall -O3 -fms-extensions -mms-bitfields -fno-exceptions -fomit-frame-pointer -march=i386 -ffast-math               conftest.c >&5
configure:2568: $? = 0
configure:2575: test -z "$ac_c_werror_flag" || test ! -s conftest.err
configure:2578: $? = 0
configure:2585: test -s conftest.o
configure:2588: $? = 0
configure:2602: result: yes
configure:2607: checking whether gcc accepts -g
configure:2637: gcc -c -g             conftest.c >&5
configure:2643: $? = 0
configure:2650: test -z "$ac_c_werror_flag" || test ! -s conftest.err
configure:2653: $? = 0
configure:2660: test -s conftest.o
configure:2663: $? = 0
configure:2793: result: yes
configure:2810: checking for gcc option to accept ISO C89
configure:2884: gcc  -c  -Wall -O3 -fms-extensions -mms-bitfields -fno-exceptions -fomit-frame-pointer -march=i386 -ffast-math               conftest.c >&5
configure:2890: $? = 0
configure:2897: test -z "$ac_c_werror_flag" || test ! -s conftest.err
configure:2900: $? = 0
configure:2907: test -s conftest.o
configure:2910: $? = 0
configure:2930: result: none needed
configure:3066: checking for C++ compiler version
configure:3073: g++ --version >&5
g++.exe (GCC) 3.4.5 (mingw special)
Copyright (C) 2004 Free Software Foundation, Inc.
This is free software; see the source for copying conditions.  There is NO
warranty; not even for MERCHANTABILITY or FITNESS FOR A PARTICULAR PURPOSE.

configure:3076: $? = 0
configure:3083: g++ -v >&5
Reading specs from g:/mingw/3.4.5/bin/../lib/gcc/mingw32/3.4.5/specs
Configured with: ../gcc-3.4.5/configure --with-gcc --with-gnu-ld --with-gnu-as --host=mingw32 --target=mingw32 --prefix=/mingw --enable-threads --disable-nls --enable-languages=c,c++,f77,ada,objc,java --disable-win32-registry --disable-shared --enable-sjlj-exceptions --enable-libgcj --disable-java-awt --without-x --enable-java-gc=boehm --disable-libgcj-debug --enable-interpreter --enable-hash-synchronization --enable-libstdcxx-debug
Thread model: win32
gcc version 3.4.5 (mingw special)
configure:3086: $? = 0
configure:3093: g++ -V >&5
g++.exe: `-V' option must have argument
configure:3096: $? = 1
configure:3099: checking whether we are using the GNU C++ compiler
configure:3128: g++ -c   -Wall -O3 -fms-extensions -mms-bitfields -fno-exceptions -fomit-frame-pointer -march=i386 -ffast-math   -fconserve-space -fno-rtti -fexceptions              conftest.cpp >&5
configure:3134: $? = 0
configure:3141: test -z "$ac_cxx_werror_flag" || test ! -s conftest.err
configure:3144: $? = 0
configure:3151: test -s conftest.o
configure:3154: $? = 0
configure:3168: result: yes
configure:3173: checking whether g++ accepts -g
configure:3203: g++ -c -g             conftest.cpp >&5
configure:3209: $? = 0
configure:3216: test -z "$ac_cxx_werror_flag" || test ! -s conftest.err
configure:3219: $? = 0
configure:3226: test -s conftest.o
configure:3229: $? = 0
configure:3359: result: yes
configure:3428: checking for a BSD-compatible install
configure:3484: result: /bin/install.exe -cp
configure:3575: checking build system type
configure:3593: result: i386-pc-mingw32
configure:3615: checking host system type
configure:3630: result: i386-pc-mingw32
configure:3652: checking for a sed that does not truncate output
configure:3706: result: /usr/bin/sed
configure:3709: checking for grep that handles long lines and -e
configure:3783: result: /usr/bin/grep
configure:3788: checking for egrep
configure:3866: result: /usr/bin/grep -E
configure:3882: checking for ld used by gcc
configure:3949: result: ld
configure:3958: checking if the linker (ld) is GNU ld
configure:3973: result: yes
configure:3978: checking for ld option to reload object files
configure:3985: result: -r
configure:4003: checking for BSD-compatible nm
configure:4052: result: nm
configure:4056: checking whether ln -s works
configure:4060: result: yes
configure:4067: checking how to recognise dependent libraries
configure:4243: result: file_magic file format pei*-i386(.*architecture: i386)?
configure:4526: checking for dlltool
configure:4542: found /cygdrive/g/mingw/3.4.5/bin/dlltool
configure:4553: result: dlltool
configure:4622: checking for as
configure:4638: found /cygdrive/g/mingw/3.4.5/bin/as
configure:4649: result: as
configure:4718: checking for objdump
configure:4734: found /cygdrive/g/mingw/3.4.5/bin/objdump
configure:4745: result: objdump
configure:4783: checking how to run the C preprocessor
configure:4823: gcc -E             conftest.c
configure:4829: $? = 0
configure:4867: gcc -E             conftest.c
conftest.c:8:28: ac_nonexistent.h: No such file or directory
configure:4873: $? = 1
configure: failed program was:
| /* confdefs.h.  */
| #define PACKAGE_NAME ""
| #define PACKAGE_TARNAME ""
| #define PACKAGE_VERSION ""
| #define PACKAGE_STRING ""
| #define PACKAGE_BUGREPORT ""
| /* end confdefs.h.  */
| #include <ac_nonexistent.h>
configure:4913: result: gcc -E
configure:4942: gcc -E             conftest.c
configure:4948: $? = 0
configure:4986: gcc -E             conftest.c
conftest.c:8:28: ac_nonexistent.h: No such file or directory
configure:4992: $? = 1
configure: failed program was:
| /* confdefs.h.  */
| #define PACKAGE_NAME ""
| #define PACKAGE_TARNAME ""
| #define PACKAGE_VERSION ""
| #define PACKAGE_STRING ""
| #define PACKAGE_BUGREPORT ""
| /* end confdefs.h.  */
| #include <ac_nonexistent.h>
configure:5037: checking for ANSI C header files
configure:5067: gcc -c  -Wall -O3 -fms-extensions -mms-bitfields -fno-exceptions -fomit-frame-pointer -march=i386 -ffast-math               conftest.c >&5
configure:5073: $? = 0
configure:5080: test -z "$ac_c_werror_flag" || test ! -s conftest.err
configure:5083: $? = 0
configure:5090: test -s conftest.o
configure:5093: $? = 0
configure:5189: gcc -o conftest.exe  -Wall -O3 -fms-extensions -mms-bitfields -fno-exceptions -fomit-frame-pointer -march=i386 -ffast-math                -Wl,-s -Wl,--force-exe-suffix -Wl,--enable-auto-import -Wl,--enable-runtime-pseudo-reloc -Wl,--allow-multiple-definition -Wl,--enable-stdcall-fixup     conftest.c  -Wl,-s    >&5
configure:5192: $? = 0
configure:5198: ./conftest.exe
configure:5201: $? = 0
configure:5218: result: yes
configure:5242: checking for sys/types.h
configure:5263: gcc -c  -Wall -O3 -fms-extensions -mms-bitfields -fno-exceptions -fomit-frame-pointer -march=i386 -ffast-math               conftest.c >&5
configure:5269: $? = 0
configure:5276: test -z "$ac_c_werror_flag" || test ! -s conftest.err
configure:5279: $? = 0
configure:5286: test -s conftest.o
configure:5289: $? = 0
configure:5302: result: yes
configure:5242: checking for sys/stat.h
configure:5263: gcc -c  -Wall -O3 -fms-extensions -mms-bitfields -fno-exceptions -fomit-frame-pointer -march=i386 -ffast-math               conftest.c >&5
configure:5269: $? = 0
configure:5276: test -z "$ac_c_werror_flag" || test ! -s conftest.err
configure:5279: $? = 0
configure:5286: test -s conftest.o
configure:5289: $? = 0
configure:5302: result: yes
configure:5242: checking for stdlib.h
configure:5263: gcc -c  -Wall -O3 -fms-extensions -mms-bitfields -fno-exceptions -fomit-frame-pointer -march=i386 -ffast-math               conftest.c >&5
configure:5269: $? = 0
configure:5276: test -z "$ac_c_werror_flag" || test ! -s conftest.err
configure:5279: $? = 0
configure:5286: test -s conftest.o
configure:5289: $? = 0
configure:5302: result: yes
configure:5242: checking for string.h
configure:5263: gcc -c  -Wall -O3 -fms-extensions -mms-bitfields -fno-exceptions -fomit-frame-pointer -march=i386 -ffast-math               conftest.c >&5
configure:5269: $? = 0
configure:5276: test -z "$ac_c_werror_flag" || test ! -s conftest.err
configure:5279: $? = 0
configure:5286: test -s conftest.o
configure:5289: $? = 0
configure:5302: result: yes
configure:5242: checking for memory.h
configure:5263: gcc -c  -Wall -O3 -fms-extensions -mms-bitfields -fno-exceptions -fomit-frame-pointer -march=i386 -ffast-math               conftest.c >&5
configure:5269: $? = 0
configure:5276: test -z "$ac_c_werror_flag" || test ! -s conftest.err
configure:5279: $? = 0
configure:5286: test -s conftest.o
configure:5289: $? = 0
configure:5302: result: yes
configure:5242: checking for strings.h
configure:5263: gcc -c  -Wall -O3 -fms-extensions -mms-bitfields -fno-exceptions -fomit-frame-pointer -march=i386 -ffast-math               conftest.c >&5
configure:5269: $? = 0
configure:5276: test -z "$ac_c_werror_flag" || test ! -s conftest.err
configure:5279: $? = 0
configure:5286: test -s conftest.o
configure:5289: $? = 0
configure:5302: result: yes
configure:5242: checking for inttypes.h
configure:5263: gcc -c  -Wall -O3 -fms-extensions -mms-bitfields -fno-exceptions -fomit-frame-pointer -march=i386 -ffast-math               conftest.c >&5
configure:5269: $? = 0
configure:5276: test -z "$ac_c_werror_flag" || test ! -s conftest.err
configure:5279: $? = 0
configure:5286: test -s conftest.o
configure:5289: $? = 0
configure:5302: result: yes
configure:5242: checking for stdint.h
configure:5263: gcc -c  -Wall -O3 -fms-extensions -mms-bitfields -fno-exceptions -fomit-frame-pointer -march=i386 -ffast-math               conftest.c >&5
configure:5269: $? = 0
configure:5276: test -z "$ac_c_werror_flag" || test ! -s conftest.err
configure:5279: $? = 0
configure:5286: test -s conftest.o
configure:5289: $? = 0
configure:5302: result: yes
configure:5242: checking for unistd.h
configure:5263: gcc -c  -Wall -O3 -fms-extensions -mms-bitfields -fno-exceptions -fomit-frame-pointer -march=i386 -ffast-math               conftest.c >&5
configure:5269: $? = 0
configure:5276: test -z "$ac_c_werror_flag" || test ! -s conftest.err
configure:5279: $? = 0
configure:5286: test -s conftest.o
configure:5289: $? = 0
configure:5302: result: yes
configure:5329: checking dlfcn.h usability
configure:5346: gcc -c  -Wall -O3 -fms-extensions -mms-bitfields -fno-exceptions -fomit-frame-pointer -march=i386 -ffast-math               conftest.c >&5
conftest.c:51:19: dlfcn.h: No such file or directory
configure:5352: $? = 1
configure: failed program was:
| /* confdefs.h.  */
| #define PACKAGE_NAME ""
| #define PACKAGE_TARNAME ""
| #define PACKAGE_VERSION ""
| #define PACKAGE_STRING ""
| #define PACKAGE_BUGREPORT ""
| #define STDC_HEADERS 1
| #define HAVE_SYS_TYPES_H 1
| #define HAVE_SYS_STAT_H 1
| #define HAVE_STDLIB_H 1
| #define HAVE_STRING_H 1
| #define HAVE_MEMORY_H 1
| #define HAVE_STRINGS_H 1
| #define HAVE_INTTYPES_H 1
| #define HAVE_STDINT_H 1
| #define HAVE_UNISTD_H 1
| /* end confdefs.h.  */
| #include <stdio.h>
| #if HAVE_SYS_TYPES_H
| # include <sys/types.h>
| #endif
| #if HAVE_SYS_STAT_H
| # include <sys/stat.h>
| #endif
| #if STDC_HEADERS
| # include <stdlib.h>
| # include <stddef.h>
| #else
| # if HAVE_STDLIB_H
| #  include <stdlib.h>
| # endif
| #endif
| #if HAVE_STRING_H
| # if !STDC_HEADERS && HAVE_MEMORY_H
| #  include <memory.h>
| # endif
| # include <string.h>
| #endif
| #if HAVE_STRINGS_H
| # include <strings.h>
| #endif
| #if HAVE_INTTYPES_H
| # include <inttypes.h>
| #endif
| #if HAVE_STDINT_H
| # include <stdint.h>
| #endif
| #if HAVE_UNISTD_H
| # include <unistd.h>
| #endif
| #include <dlfcn.h>
configure:5383: result: no
configure:5387: checking dlfcn.h presence
configure:5402: gcc -E             conftest.c
conftest.c:18:19: dlfcn.h: No such file or directory
configure:5408: $? = 1
configure: failed program was:
| /* confdefs.h.  */
| #define PACKAGE_NAME ""
| #define PACKAGE_TARNAME ""
| #define PACKAGE_VERSION ""
| #define PACKAGE_STRING ""
| #define PACKAGE_BUGREPORT ""
| #define STDC_HEADERS 1
| #define HAVE_SYS_TYPES_H 1
| #define HAVE_SYS_STAT_H 1
| #define HAVE_STDLIB_H 1
| #define HAVE_STRING_H 1
| #define HAVE_MEMORY_H 1
| #define HAVE_STRINGS_H 1
| #define HAVE_INTTYPES_H 1
| #define HAVE_STDINT_H 1
| #define HAVE_UNISTD_H 1
| /* end confdefs.h.  */
| #include <dlfcn.h>
configure:5429: result: no
configure:5457: checking for dlfcn.h
configure:5465: result: no
configure:5488: checking how to run the C++ preprocessor
configure:5524: g++ -E             conftest.cpp
configure:5530: $? = 0
configure:5568: g++ -E             conftest.cpp
conftest.cpp:18:28: ac_nonexistent.h: No such file or directory
configure:5574: $? = 1
configure: failed program was:
| /* confdefs.h.  */
| #define PACKAGE_NAME ""
| #define PACKAGE_TARNAME ""
| #define PACKAGE_VERSION ""
| #define PACKAGE_STRING ""
| #define PACKAGE_BUGREPORT ""
| #define STDC_HEADERS 1
| #define HAVE_SYS_TYPES_H 1
| #define HAVE_SYS_STAT_H 1
| #define HAVE_STDLIB_H 1
| #define HAVE_STRING_H 1
| #define HAVE_MEMORY_H 1
| #define HAVE_STRINGS_H 1
| #define HAVE_INTTYPES_H 1
| #define HAVE_STDINT_H 1
| #define HAVE_UNISTD_H 1
| /* end confdefs.h.  */
| #include <ac_nonexistent.h>
configure:5614: result: g++ -E
configure:5643: g++ -E             conftest.cpp
configure:5649: $? = 0
configure:5687: g++ -E             conftest.cpp
conftest.cpp:18:28: ac_nonexistent.h: No such file or directory
configure:5693: $? = 1
configure: failed program was:
| /* confdefs.h.  */
| #define PACKAGE_NAME ""
| #define PACKAGE_TARNAME ""
| #define PACKAGE_VERSION ""
| #define PACKAGE_STRING ""
| #define PACKAGE_BUGREPORT ""
| #define STDC_HEADERS 1
| #define HAVE_SYS_TYPES_H 1
| #define HAVE_SYS_STAT_H 1
| #define HAVE_STDLIB_H 1
| #define HAVE_STRING_H 1
| #define HAVE_MEMORY_H 1
| #define HAVE_STRINGS_H 1
| #define HAVE_INTTYPES_H 1
| #define HAVE_STDINT_H 1
| #define HAVE_UNISTD_H 1
| /* end confdefs.h.  */
| #include <ac_nonexistent.h>
configure:5793: checking for g77
configure:5809: found /cygdrive/g/mingw/3.4.5/bin/g77
configure:5820: result: g77
configure:5850: checking for Fortran 77 compiler version
configure:5857: g77 --version >&5
GNU Fortran (GCC) 3.4.5 (mingw special)
Copyright (C) 2004 Free Software Foundation, Inc.

GNU Fortran comes with NO WARRANTY, to the extent permitted by law.
You may redistribute copies of GNU Fortran
under the terms of the GNU General Public License.
For more information about these matters, see the file named COPYING
or type the command `info -f g77 Copying'.
configure:5860: $? = 0
configure:5867: g77 -v >&5
Reading specs from g:/mingw/3.4.5/bin/../lib/gcc/mingw32/3.4.5/specs
Configured with: ../gcc-3.4.5/configure --with-gcc --with-gnu-ld --with-gnu-as --host=mingw32 --target=mingw32 --prefix=/mingw --enable-threads --disable-nls --enable-languages=c,c++,f77,ada,objc,java --disable-win32-registry --disable-shared --enable-sjlj-exceptions --enable-libgcj --disable-java-awt --without-x --enable-java-gc=boehm --disable-libgcj-debug --enable-interpreter --enable-hash-synchronization --enable-libstdcxx-debug
Thread model: win32
gcc version 3.4.5 (mingw special)
configure:5870: $? = 0
configure:5877: g77 -V >&5
g77.exe: `-V' option must have argument
configure:5880: $? = 1
configure:5888: checking whether we are using the GNU Fortran 77 compiler
configure:5907: g77 -c  conftest.F >&5
configure:5913: $? = 0
configure:5920: test -z "$ac_f77_werror_flag" || test ! -s conftest.err
configure:5923: $? = 0
configure:5930: test -s conftest.o
configure:5933: $? = 0
configure:5947: result: yes
configure:5953: checking whether g77 accepts -g
configure:5970: g77 -c -g conftest.f >&5
configure:5976: $? = 0
configure:5983: test -z "$ac_f77_werror_flag" || test ! -s conftest.err
configure:5986: $? = 0
configure:5993: test -s conftest.o
configure:5996: $? = 0
configure:6009: result: yes
configure:6039: checking the maximum length of command line arguments
configure:6148: result: 8192
configure:6159: checking command to parse nm output from gcc object
configure:6264: gcc -c  -Wall -O3 -fms-extensions -mms-bitfields -fno-exceptions -fomit-frame-pointer -march=i386 -ffast-math               conftest.c >&5
configure:6267: $? = 0
configure:6271: nm conftest.o \| sed -n -e 's/^.*[ 	]\([ABCDGIRSTW][ABCDGIRSTW]*\)[ 	][ 	]*\([_A-Za-z][_A-Za-z0-9]*\)\{0,1\}$/\1 \2 \2/p' \> conftest.nm
configure:6274: $? = 0
cannot find nm_test_var in conftest.nm
configure:6264: gcc -c  -Wall -O3 -fms-extensions -mms-bitfields -fno-exceptions -fomit-frame-pointer -march=i386 -ffast-math               conftest.c >&5
configure:6267: $? = 0
configure:6271: nm conftest.o \| sed -n -e 's/^.*[ 	]\([ABCDGIRSTW][ABCDGIRSTW]*\)[ 	][ 	]*_\([_A-Za-z][_A-Za-z0-9]*\)\{0,1\}$/\1 _\2 \2/p' \> conftest.nm
configure:6274: $? = 0
configure:6326: gcc -o conftest.exe  -Wall -O3 -fms-extensions -mms-bitfields -fno-exceptions -fomit-frame-pointer -march=i386 -ffast-math                -Wl,-s -Wl,--force-exe-suffix -Wl,--enable-auto-import -Wl,--enable-runtime-pseudo-reloc -Wl,--allow-multiple-definition -Wl,--enable-stdcall-fixup     conftest.c conftstm.o >&5
configure:6329: $? = 0
configure:6367: result: ok
configure:6371: checking for objdir
configure:6386: result: .libs
configure:6478: checking for ar
configure:6494: found /cygdrive/g/mingw/3.4.5/bin/ar
configure:6505: result: ar
configure:6574: checking for ranlib
configure:6590: found /cygdrive/g/mingw/3.4.5/bin/ranlib
configure:6601: result: ranlib
configure:6670: checking for strip
configure:6686: found /cygdrive/g/mingw/3.4.5/bin/strip
configure:6697: result: strip
configure:6934: checking for correct ltmain.sh version
configure:6984: result: yes
configure:7044: checking if gcc supports -fno-rtti -fno-exceptions
configure:7062: gcc -c  -Wall -O3 -fms-extensions -mms-bitfields -fno-exceptions -fomit-frame-pointer -march=i386 -ffast-math               -fno-rtti -fno-exceptions conftest.c >&5
cc1.exe: warning: command line option "-fno-rtti" is valid for C++/ObjC++ but not for C
configure:7066: $? = 0
configure:7079: result: no
configure:7094: checking for gcc option to produce PIC
configure:7304: result: -DDLL_EXPORT
configure:7312: checking if gcc PIC flag -DDLL_EXPORT works
configure:7330: gcc -c  -Wall -O3 -fms-extensions -mms-bitfields -fno-exceptions -fomit-frame-pointer -march=i386 -ffast-math               -DDLL_EXPORT -DPIC conftest.c >&5
configure:7334: $? = 0
configure:7347: result: yes
configure:7375: checking if gcc static flag -static works
configure:7403: result: yes
configure:7413: checking if gcc supports -c -o file.o
configure:7434: gcc -c  -Wall -O3 -fms-extensions -mms-bitfields -fno-exceptions -fomit-frame-pointer -march=i386 -ffast-math               -o out/conftest2.o conftest.c >&5
configure:7438: $? = 0
configure:7460: result: yes
configure:7486: checking whether the gcc linker (ld) supports shared libraries
configure:8472: result: yes
configure:8493: checking whether -lc should be explicitly linked in
configure:8498: gcc -c  -Wall -O3 -fms-extensions -mms-bitfields -fno-exceptions -fomit-frame-pointer -march=i386 -ffast-math               conftest.c >&5
configure:8501: $? = 0
configure:8516: gcc -shared conftest.o  -v -o ./conftest -Wl,--enable-auto-image-base -Xlinker --out-implib -Xlinker conftest 2\>\&1 \| grep  -lc  \>/dev/null 2\>\&1
configure:8519: $? = 1
configure:8531: result: yes
configure:8539: checking dynamic linker characteristics
configure:9164: result: Win32 ld.exe
configure:9173: checking how to hardcode library paths into programs
configure:9198: result: immediate
configure:9212: checking whether stripping libraries is possible
configure:9217: result: yes
configure:10130: checking if libtool supports shared libraries
configure:10132: result: yes
configure:10135: checking whether to build shared libraries
configure:10156: result: yes
configure:10159: checking whether to build static libraries
configure:10163: result: no
configure:10255: creating libtool
configure:10843: checking for ld used by g++
configure:10910: result: ld
configure:10919: checking if the linker (ld) is GNU ld
configure:10934: result: yes
configure:10985: checking whether the g++ linker (ld) supports shared libraries
configure:11951: result: yes
configure:11969: g++ -c   -Wall -O3 -fms-extensions -mms-bitfields -fno-exceptions -fomit-frame-pointer -march=i386 -ffast-math   -fconserve-space -fno-rtti -fexceptions              conftest.cpp >&5
configure:11972: $? = 0
configure:12091: checking for g++ option to produce PIC
configure:12365: result: -DDLL_EXPORT
configure:12373: checking if g++ PIC flag -DDLL_EXPORT works
configure:12391: g++ -c   -Wall -O3 -fms-extensions -mms-bitfields -fno-exceptions -fomit-frame-pointer -march=i386 -ffast-math   -fconserve-space -fno-rtti -fexceptions              -DDLL_EXPORT -DPIC conftest.cpp >&5
configure:12395: $? = 0
configure:12408: result: yes
configure:12436: checking if g++ static flag -static works
configure:12464: result: yes
configure:12474: checking if g++ supports -c -o file.o
configure:12495: g++ -c   -Wall -O3 -fms-extensions -mms-bitfields -fno-exceptions -fomit-frame-pointer -march=i386 -ffast-math   -fconserve-space -fno-rtti -fexceptions              -o out/conftest2.o conftest.cpp >&5
configure:12499: $? = 0
configure:12521: result: yes
configure:12547: checking whether the g++ linker (ld) supports shared libraries
configure:12572: result: yes
configure:12639: checking dynamic linker characteristics
configure:13264: result: Win32 ld.exe
configure:13273: checking how to hardcode library paths into programs
configure:13298: result: immediate
configure:13824: checking if libtool supports shared libraries
configure:13826: result: yes
configure:13829: checking whether to build shared libraries
configure:13849: result: yes
configure:13852: checking whether to build static libraries
configure:13856: result: no
configure:13866: checking for g77 option to produce PIC
configure:14076: result: -DDLL_EXPORT
configure:14084: checking if g77 PIC flag -DDLL_EXPORT works
configure:14102: g77 -c -g -O2 -DDLL_EXPORT conftest.f >&5
configure:14106: $? = 0
configure:14119: result: yes
configure:14147: checking if g77 static flag -static works
configure:14175: result: yes
configure:14185: checking if g77 supports -c -o file.o
configure:14206: g77 -c -g -O2 -o out/conftest2.o conftest.f >&5
configure:14210: $? = 0
configure:14232: result: yes
configure:14258: checking whether the g77 linker (ld) supports shared libraries
configure:15224: result: yes
configure:15291: checking dynamic linker characteristics
configure:15916: result: Win32 ld.exe
configure:15925: checking how to hardcode library paths into programs
configure:15950: result: immediate
configure:19587: checking for ANSI C header files
configure:19768: result: yes
configure:19793: checking limits.h usability
configure:19810: gcc -c  -Wall -O3 -fms-extensions -mms-bitfields -fno-exceptions -fomit-frame-pointer -march=i386 -ffast-math               conftest.c >&5
configure:19816: $? = 0
configure:19823: test -z "$ac_c_werror_flag" || test ! -s conftest.err
configure:19826: $? = 0
configure:19833: test -s conftest.o
configure:19836: $? = 0
configure:19847: result: yes
configure:19851: checking limits.h presence
configure:19866: gcc -E             conftest.c
configure:19872: $? = 0
configure:19893: result: yes
configure:19921: checking for limits.h
configure:19929: result: yes
configure:20474: checking for an ANSI C-conforming const
configure:20549: gcc -c  -Wall -O3 -fms-extensions -mms-bitfields -fno-exceptions -fomit-frame-pointer -march=i386 -ffast-math               conftest.c >&5
conftest.c: In function `main':
conftest.c:65: warning: 'b' might be used uninitialized in this function
conftest.c:46: warning: 't' might be used uninitialized in this function
configure:20555: $? = 0
configure:20562: test -z "$ac_c_werror_flag" || test ! -s conftest.err
configure:20565: $? = 0
configure:20572: test -s conftest.o
configure:20575: $? = 0
configure:20587: result: yes
configure:20597: checking for size_t
configure:20627: gcc -c  -Wall -O3 -fms-extensions -mms-bitfields -fno-exceptions -fomit-frame-pointer -march=i386 -ffast-math               conftest.c >&5
configure:20633: $? = 0
configure:20640: test -z "$ac_c_werror_flag" || test ! -s conftest.err
configure:20643: $? = 0
configure:20650: test -s conftest.o
configure:20653: $? = 0
configure:20665: result: yes
configure:20678: checking for long long
configure:20708: gcc -c  -Wall -O3 -fms-extensions -mms-bitfields -fno-exceptions -fomit-frame-pointer -march=i386 -ffast-math               conftest.c >&5
configure:20714: $? = 0
configure:20721: test -z "$ac_c_werror_flag" || test ! -s conftest.err
configure:20724: $? = 0
configure:20731: test -s conftest.o
configure:20734: $? = 0
configure:20746: result: yes
configure:20759: checking for unsigned long long
configure:20789: gcc -c  -Wall -O3 -fms-extensions -mms-bitfields -fno-exceptions -fomit-frame-pointer -march=i386 -ffast-math               conftest.c >&5
configure:20795: $? = 0
configure:20802: test -z "$ac_c_werror_flag" || test ! -s conftest.err
configure:20805: $? = 0
configure:20812: test -s conftest.o
configure:20815: $? = 0
configure:20827: result: yes
configure:20852: checking for bcopy
configure:20908: gcc -o conftest.exe  -Wall -O3 -fms-extensions -mms-bitfields -fno-exceptions -fomit-frame-pointer -march=i386 -ffast-math                -Wl,-s -Wl,--force-exe-suffix -Wl,--enable-auto-import -Wl,--enable-runtime-pseudo-reloc -Wl,--allow-multiple-definition -Wl,--enable-stdcall-fixup     conftest.c  -Wl,-s    >&5
conftest.c:45: warning: conflicting types for built-in function 'bcopy'
l:\TEMP/ccorbaaa.o:conftest.c:(.text+0x19): undefined reference to `bcopy'
collect2: ld returned 1 exit status
configure:20914: $? = 1
configure: failed program was:
| /* confdefs.h.  */
| #define PACKAGE_NAME ""
| #define PACKAGE_TARNAME ""
| #define PACKAGE_VERSION ""
| #define PACKAGE_STRING ""
| #define PACKAGE_BUGREPORT ""
| #define STDC_HEADERS 1
| #define HAVE_SYS_TYPES_H 1
| #define HAVE_SYS_STAT_H 1
| #define HAVE_STDLIB_H 1
| #define HAVE_STRING_H 1
| #define HAVE_MEMORY_H 1
| #define HAVE_STRINGS_H 1
| #define HAVE_INTTYPES_H 1
| #define HAVE_STDINT_H 1
| #define HAVE_UNISTD_H 1
| #define STDC_HEADERS 1
| #define HAVE_LIMITS_H 1
| #define HAVE_LONG_LONG 1
| #define HAVE_UNSIGNED_LONG_LONG 1
| /* end confdefs.h.  */
| /* Define bcopy to an innocuous variant, in case <limits.h> declares bcopy.
|    For example, HP-UX 11i <limits.h> declares gettimeofday.  */
| #define bcopy innocuous_bcopy
| 
| /* System header to define __stub macros and hopefully few prototypes,
|     which can conflict with char bcopy (); below.
|     Prefer <limits.h> to <assert.h> if __STDC__ is defined, since
|     <limits.h> exists even on freestanding compilers.  */
| 
| #ifdef __STDC__
| # include <limits.h>
| #else
| # include <assert.h>
| #endif
| 
| #undef bcopy
| 
| /* Override any GCC internal prototype to avoid an error.
|    Use char because int might match the return type of a GCC
|    builtin and then its argument prototype would still apply.  */
| #ifdef __cplusplus
| extern "C"
| #endif
| char bcopy ();
| /* The GNU C library defines this for functions which it implements
|     to always fail with ENOSYS.  Some functions are actually named
|     something starting with __ and the normal name is an alias.  */
| #if defined __stub_bcopy || defined __stub___bcopy
| choke me
| #endif
| 
| int
| main ()
| {
| return bcopy ();
|   ;
|   return 0;
| }
configure:20948: result: no
configure:20852: checking for memmove
configure:20908: gcc -o conftest.exe  -Wall -O3 -fms-extensions -mms-bitfields -fno-exceptions -fomit-frame-pointer -march=i386 -ffast-math                -Wl,-s -Wl,--force-exe-suffix -Wl,--enable-auto-import -Wl,--enable-runtime-pseudo-reloc -Wl,--allow-multiple-definition -Wl,--enable-stdcall-fixup     conftest.c  -Wl,-s    >&5
conftest.c:45: warning: conflicting types for built-in function 'memmove'
configure:20914: $? = 0
configure:20921: test -z "$ac_c_werror_flag" || test ! -s conftest.err
configure:20924: $? = 0
configure:20931: test -s conftest.exe
configure:20934: $? = 0
configure:20948: result: yes
configure:20852: checking for strerror
configure:20908: gcc -o conftest.exe  -Wall -O3 -fms-extensions -mms-bitfields -fno-exceptions -fomit-frame-pointer -march=i386 -ffast-math                -Wl,-s -Wl,--force-exe-suffix -Wl,--enable-auto-import -Wl,--enable-runtime-pseudo-reloc -Wl,--allow-multiple-definition -Wl,--enable-stdcall-fixup     conftest.c  -Wl,-s    >&5
configure:20914: $? = 0
configure:20921: test -z "$ac_c_werror_flag" || test ! -s conftest.err
configure:20924: $? = 0
configure:20931: test -s conftest.exe
configure:20934: $? = 0
configure:20948: result: yes
configure:20852: checking for strtoq
configure:20908: gcc -o conftest.exe  -Wall -O3 -fms-extensions -mms-bitfields -fno-exceptions -fomit-frame-pointer -march=i386 -ffast-math                -Wl,-s -Wl,--force-exe-suffix -Wl,--enable-auto-import -Wl,--enable-runtime-pseudo-reloc -Wl,--allow-multiple-definition -Wl,--enable-stdcall-fixup     conftest.c  -Wl,-s    >&5
l:\TEMP/ccaiaaaa.o:conftest.c:(.text+0x19): undefined reference to `strtoq'
collect2: ld returned 1 exit status
configure:20914: $? = 1
configure: failed program was:
| /* confdefs.h.  */
| #define PACKAGE_NAME ""
| #define PACKAGE_TARNAME ""
| #define PACKAGE_VERSION ""
| #define PACKAGE_STRING ""
| #define PACKAGE_BUGREPORT ""
| #define STDC_HEADERS 1
| #define HAVE_SYS_TYPES_H 1
| #define HAVE_SYS_STAT_H 1
| #define HAVE_STDLIB_H 1
| #define HAVE_STRING_H 1
| #define HAVE_MEMORY_H 1
| #define HAVE_STRINGS_H 1
| #define HAVE_INTTYPES_H 1
| #define HAVE_STDINT_H 1
| #define HAVE_UNISTD_H 1
| #define STDC_HEADERS 1
| #define HAVE_LIMITS_H 1
| #define HAVE_LONG_LONG 1
| #define HAVE_UNSIGNED_LONG_LONG 1
| #define HAVE_MEMMOVE 1
| #define HAVE_STRERROR 1
| /* end confdefs.h.  */
| /* Define strtoq to an innocuous variant, in case <limits.h> declares strtoq.
|    For example, HP-UX 11i <limits.h> declares gettimeofday.  */
| #define strtoq innocuous_strtoq
| 
| /* System header to define __stub macros and hopefully few prototypes,
|     which can conflict with char strtoq (); below.
|     Prefer <limits.h> to <assert.h> if __STDC__ is defined, since
|     <limits.h> exists even on freestanding compilers.  */
| 
| #ifdef __STDC__
| # include <limits.h>
| #else
| # include <assert.h>
| #endif
| 
| #undef strtoq
| 
| /* Override any GCC internal prototype to avoid an error.
|    Use char because int might match the return type of a GCC
|    builtin and then its argument prototype would still apply.  */
| #ifdef __cplusplus
| extern "C"
| #endif
| char strtoq ();
| /* The GNU C library defines this for functions which it implements
|     to always fail with ENOSYS.  Some functions are actually named
|     something starting with __ and the normal name is an alias.  */
| #if defined __stub_strtoq || defined __stub___strtoq
| choke me
| #endif
| 
| int
| main ()
| {
| return strtoq ();
|   ;
|   return 0;
| }
configure:20948: result: no
configure:20852: checking for strtoll
configure:20908: gcc -o conftest.exe  -Wall -O3 -fms-extensions -mms-bitfields -fno-exceptions -fomit-frame-pointer -march=i386 -ffast-math                -Wl,-s -Wl,--force-exe-suffix -Wl,--enable-auto-import -Wl,--enable-runtime-pseudo-reloc -Wl,--allow-multiple-definition -Wl,--enable-stdcall-fixup     conftest.c  -Wl,-s    >&5
configure:20914: $? = 0
configure:20921: test -z "$ac_c_werror_flag" || test ! -s conftest.err
configure:20924: $? = 0
configure:20931: test -s conftest.exe
configure:20934: $? = 0
configure:20948: result: yes
configure:21243: creating ./config.status

## ---------------------- ##
## Running config.status. ##
## ---------------------- ##

This file was extended by config.status, which was
generated by GNU Autoconf 2.60.  Invocation command line was

  CONFIG_FILES    = 
  CONFIG_HEADERS  = 
  CONFIG_LINKS    = 
  CONFIG_COMMANDS = 
  $ ./config.status 

on gamma

config.status:656: creating Makefile
config.status:791: WARNING:  ../pcre-7.0-src/Makefile.in seems to ignore the --datarootdir setting
config.status:656: creating pcre-config
config.status:656: creating libpcre.pc
config.status:656: creating libpcrecpp.pc
config.status:656: creating pcrecpparg.h
config.status:656: creating pcre_stringpiece.h
config.status:656: creating RunGrepTest
config.status:656: creating RunTest
config.status:656: creating config.h
config.status:874: config.h is unchanged
config.status:887: executing default commands

## ---------------- ##
## Cache variables. ##
## ---------------- ##

ac_cv_build=i386-pc-mingw32
ac_cv_c_compiler_gnu=yes
ac_cv_c_const=yes
ac_cv_cxx_compiler_gnu=yes
ac_cv_env_CCC_set=
ac_cv_env_CCC_value=
ac_cv_env_CC_set=
ac_cv_env_CC_value=
ac_cv_env_CFLAGS_set=
ac_cv_env_CFLAGS_value=
ac_cv_env_CPPFLAGS_set=
ac_cv_env_CPPFLAGS_value=
ac_cv_env_CPP_set=
ac_cv_env_CPP_value=
ac_cv_env_CXXCPP_set=
ac_cv_env_CXXCPP_value=
ac_cv_env_CXXFLAGS_set=
ac_cv_env_CXXFLAGS_value=
ac_cv_env_CXX_set=
ac_cv_env_CXX_value=
ac_cv_env_F77_set=
ac_cv_env_F77_value=
ac_cv_env_FFLAGS_set=
ac_cv_env_FFLAGS_value=
ac_cv_env_LDFLAGS_set=
ac_cv_env_LDFLAGS_value=
ac_cv_env_build_alias_set=
ac_cv_env_build_alias_value=
ac_cv_env_host_alias_set=
ac_cv_env_host_alias_value=
ac_cv_env_target_alias_set=
ac_cv_env_target_alias_value=
ac_cv_exeext=.exe
ac_cv_f77_compiler_gnu=yes
ac_cv_func_bcopy=no
ac_cv_func_connect=yes
ac_cv_func_fchdir=no
ac_cv_func_fork=no
ac_cv_func_ftruncate=yes
ac_cv_func_gethostbyaddr=yes
ac_cv_func_gethostbyname=yes
ac_cv_func_gethostname=yes
ac_cv_func_inet_ntoa=yes
ac_cv_func_memmove=yes
ac_cv_func_strerror=yes
ac_cv_func_strtoll=yes
ac_cv_func_strtoq=no
ac_cv_func_vfork=no
ac_cv_func_working_mktime=yes
ac_cv_header_dlfcn_h=no
ac_cv_header_inttypes_h=yes
ac_cv_header_limits_h=yes
ac_cv_header_memory_h=yes
ac_cv_header_stdc=yes
ac_cv_header_stdint_h=yes
ac_cv_header_stdlib_h=yes
ac_cv_header_string_h=yes
ac_cv_header_strings_h=yes
ac_cv_header_sys_stat_h=yes
ac_cv_header_sys_types_h=yes
ac_cv_header_unistd_h=yes
ac_cv_host=i386-pc-mingw32
ac_cv_objext=o
ac_cv_path_EGREP='/usr/bin/grep -E'
ac_cv_path_GREP=/usr/bin/grep
ac_cv_prog_CPP='gcc -E'
ac_cv_prog_CXXCPP='g++ -E'
ac_cv_prog_LN_S='cp -fp'
ac_cv_prog_ac_ct_AR=ar
ac_cv_prog_ac_ct_AS=as
ac_cv_prog_ac_ct_CC=gcc
ac_cv_prog_ac_ct_DLLTOOL=dlltool
ac_cv_prog_ac_ct_F77=g77
ac_cv_prog_ac_ct_OBJDUMP=objdump
ac_cv_prog_ac_ct_RANLIB=ranlib
ac_cv_prog_ac_ct_STRIP=strip
ac_cv_prog_cc_c89=
ac_cv_prog_cc_g=yes
ac_cv_prog_cxx_g=yes
ac_cv_prog_f77_g=yes
ac_cv_sys_file_offset_bits=64
ac_cv_sys_large_files=1
ac_cv_sys_largefile_source=1
ac_cv_type_long_long=yes
ac_cv_type_size_t=yes
ac_cv_type_unsigned_long_long=yes
ac_cv_var_tzname=yes
cl_cv_prog_LN='cp -fp'
cl_cv_prog_LN_S='cp -fp'
gl_cv_func_chown_follows_symlink=yes
gl_cv_func_getcwd_null=yes
lt_cv_deplibs_check_method='file_magic file format pei*-i386(.*architecture: i386)?'
lt_cv_file_magic_cmd='$OBJDUMP -f'
lt_cv_file_magic_test_file=
lt_cv_ld_reload_flag=-r
lt_cv_objdir=.libs
lt_cv_path_LD=ld
lt_cv_path_LDCXX=ld
lt_cv_path_NM=nm
lt_cv_path_SED=/usr/bin/sed
lt_cv_prog_compiler_c_o=yes
lt_cv_prog_compiler_c_o_CXX=yes
lt_cv_prog_compiler_c_o_F77=yes
lt_cv_prog_compiler_rtti_exceptions=no
lt_cv_prog_gnu_ld=yes
lt_cv_prog_gnu_ldcxx=yes
lt_cv_sys_global_symbol_pipe='sed -n -e '\''s/^.*[ 	]\([ABCDGIRSTW][ABCDGIRSTW]*\)[ 	][ 	]*_\([_A-Za-z][_A-Za-z0-9]*\)\{0,1\}$/\1 _\2 \2/p'\'''
lt_cv_sys_global_symbol_to_c_name_address='sed -n -e '\''s/^: \([^ ]*\) $/  {\"\1\", (lt_ptr) 0},/p'\'' -e '\''s/^[BCDEGRST] \([^ ]*\) \([^ ]*\)$/  {"\2", (lt_ptr) \&\2},/p'\'''
lt_cv_sys_global_symbol_to_cdecl='sed -n -e '\''s/^. .* \(.*\)$/extern int \1;/p'\'''
lt_cv_sys_max_cmd_len=8192
lt_lt_cv_prog_compiler_c_o='"yes"'
lt_lt_cv_prog_compiler_c_o_CXX='"yes"'
lt_lt_cv_prog_compiler_c_o_F77='"yes"'
lt_lt_cv_sys_global_symbol_pipe='"sed -n -e '\''s/^.*[ 	]\\([ABCDGIRSTW][ABCDGIRSTW]*\\)[ 	][ 	]*_\\([_A-Za-z][_A-Za-z0-9]*\\)\\{0,1\\}\$/\\1 _\\2 \\2/p'\''"'
lt_lt_cv_sys_global_symbol_to_c_name_address='"sed -n -e '\''s/^: \\([^ ]*\\) \$/  {\\\"\\1\\\", (lt_ptr) 0},/p'\'' -e '\''s/^[BCDEGRST] \\([^ ]*\\) \\([^ ]*\\)\$/  {\"\\2\", (lt_ptr) \\&\\2},/p'\''"'
lt_lt_cv_sys_global_symbol_to_cdecl='"sed -n -e '\''s/^. .* \\(.*\\)\$/extern int \\1;/p'\''"'
nls_cv_use_gnu_gettext=no

## ----------------- ##
## Output variables. ##
## ----------------- ##

AR='ar'
AS='as'
BUILD_EXEEXT='$(EXEEXT)'
BUILD_OBJEXT='$(OBJEXT)'
CC='gcc'
CC_FOR_BUILD='$(CC)'
CFLAGS=' -Wall -O3 -fms-extensions -mms-bitfields -fno-exceptions -fomit-frame-pointer -march=i386 -ffast-math  '
CFLAGS_FOR_BUILD='$(CFLAGS)'
CPP='gcc -E'
CPPFLAGS='           '
CXX='g++'
CXXCPP='g++ -E'
CXXFLAGS='  -Wall -O3 -fms-extensions -mms-bitfields -fno-exceptions -fomit-frame-pointer -march=i386 -ffast-math   -fconserve-space -fno-rtti -fexceptions '
CXXFLAGS_FOR_BUILD='$(CXXFLAGS)'
CXXLDFLAGS=''
CXX_FOR_BUILD='$(CXX)'
DEFS='-DHAVE_CONFIG_H'
DLLTOOL='dlltool'
EBCDIC=''
ECHO='echo'
ECHO_C=''
ECHO_N='-n'
ECHO_T=''
EGREP='/usr/bin/grep -E'
EXEEXT='.exe'
F77='g77'
FFLAGS='-g -O2'
GREP='/usr/bin/grep'
HAVE_CPP='#'
HAVE_MEMMOVE=''
HAVE_STRERROR=''
INSTALL_DATA='/bin/install.exe -cp'
INSTALL_PROGRAM='/bin/install.exe -cp'
INSTALL_SCRIPT='${INSTALL}'
LDFLAGS=' -Wl,-s -Wl,--force-exe-suffix -Wl,--enable-auto-import -Wl,--enable-runtime-pseudo-reloc -Wl,--allow-multiple-definition -Wl,--enable-stdcall-fixup    '
LIBOBJS=''
LIBS=' -Wl,-s   '
LIBTOOL='$(SHELL) $(top_builddir)/libtool'
LINK_SIZE=''
LN_S='ln -s'
LTLIBOBJS=''
MATCH_LIMIT=''
MATCH_LIMIT_RECURSION=''
MAYBE_CPP_TARGETS=''
NEWLINE='-DNEWLINE=-1'
NOT_ON_WINDOWS='#'
NO_RECURSE=''
OBJDUMP='objdump'
OBJEXT='o'
ON_WINDOWS=''
PACKAGE_BUGREPORT=''
PACKAGE_NAME=''
PACKAGE_STRING=''
PACKAGE_TARNAME=''
PACKAGE_VERSION=''
PATH_SEPARATOR=':'
PCRE_CPPLIB_VERSION='0:0:0'
PCRE_LIB_VERSION='15:0:12'
PCRE_POSIXLIB_VERSION='15:0:12'
PCRE_VERSION='7.0'
POSIX_LIB=''
POSIX_LOBJ='pcreposix.lo'
POSIX_MALLOC_THRESHOLD='-DPOSIX_MALLOC_THRESHOLD=10'
POSIX_OBJ='pcreposix.o'
RANLIB='ranlib'
SHELL='/bin/sh'
STRIP='strip'
UCP='-DSUPPORT_UCP'
UTF8='-DSUPPORT_UTF8'
WIN_PREFIX=''
ac_ct_CC='gcc'
ac_ct_CXX=''
ac_ct_F77='g77'
bindir='${exec_prefix}/bin'
build='i386-pc-mingw32'
build_alias='i386-pc-mingw32'
build_cpu='i386'
build_os='mingw32'
build_vendor='pc'
datadir='${datarootdir}'
datarootdir='${prefix}/share'
docdir='${datarootdir}/doc/${PACKAGE}'
dvidir='${docdir}'
exec_prefix='${prefix}'
host='i386-pc-mingw32'
host_alias='i386-pc-mingw32'
host_cpu='i386'
host_os='mingw32'
host_vendor='pc'
htmldir='${docdir}'
includedir='${prefix}/include'
infodir='${datarootdir}/info'
libdir='${exec_prefix}/lib'
libexecdir='${exec_prefix}/libexec'
localedir='${datarootdir}/locale'
localstatedir='${prefix}/var'
mandir='${datarootdir}/man'
oldincludedir='/usr/include'
pcre_have_bits_type_traits=''
pcre_have_long_long='1'
pcre_have_type_traits=''
pcre_have_ulong_long='1'
pdfdir='${docdir}'
prefix='c:/progra~1/Pcre'
program_transform_name='s/i386-pc-mingw32//'
psdir='${docdir}'
sbindir='${exec_prefix}/sbin'
sharedstatedir='${prefix}/com'
sysconfdir='${prefix}/etc'
target_alias='i386-pc-mingw32'

## ----------- ##
## confdefs.h. ##
## ----------- ##

#define PACKAGE_NAME ""
#define PACKAGE_TARNAME ""
#define PACKAGE_VERSION ""
#define PACKAGE_STRING ""
#define PACKAGE_BUGREPORT ""
#define STDC_HEADERS 1
#define HAVE_SYS_TYPES_H 1
#define HAVE_SYS_STAT_H 1
#define HAVE_STDLIB_H 1
#define HAVE_STRING_H 1
#define HAVE_MEMORY_H 1
#define HAVE_STRINGS_H 1
#define HAVE_INTTYPES_H 1
#define HAVE_STDINT_H 1
#define HAVE_UNISTD_H 1
#define STDC_HEADERS 1
#define HAVE_LIMITS_H 1
#define HAVE_LONG_LONG 1
#define HAVE_UNSIGNED_LONG_LONG 1
#define HAVE_MEMMOVE 1
#define HAVE_STRERROR 1
#define HAVE_STRTOLL 1

configure: exit 0
