D:\MYFILES\CODES\GITHUP\C_C++\INKSCAPE\CAIRO\CAIRO\CAIRO_PRJ_WIN\ZLIB125\ZLIB-1.2.5\CONTRIB\VSTUDIO\VC10\X86\ZLIBDLLDEBUG\TMP\ADLER32.OBJ
D:\myfiles\codes\githup\C_C++\inkscape\cairo\cairo\cairo_prj_win\zlib125\zlib-1.2.5\contrib\vstudio\vc10\x86\ZlibDllDebug\Tmp\cl.command.1.tlog
D:\myfiles\codes\githup\C_C++\inkscape\cairo\cairo\cairo_prj_win\zlib125\zlib-1.2.5\contrib\vstudio\vc10\x86\ZlibDllDebug\Tmp\CL.read.1.tlog
D:\myfiles\codes\githup\C_C++\inkscape\cairo\cairo\cairo_prj_win\zlib125\zlib-1.2.5\contrib\vstudio\vc10\x86\ZlibDllDebug\Tmp\CL.write.1.tlog
D:\MYFILES\CODES\GITHUP\C_C++\INKSCAPE\CAIRO\CAIRO\CAIRO_PRJ_WIN\ZLIB125\ZLIB-1.2.5\CONTRIB\VSTUDIO\VC10\X86\ZLIBDLLDEBUG\TMP\COMPRESS.OBJ
D:\MYFILES\CODES\GITHUP\C_C++\INKSCAPE\CAIRO\CAIRO\CAIRO_PRJ_WIN\ZLIB125\ZLIB-1.2.5\CONTRIB\VSTUDIO\VC10\X86\ZLIBDLLDEBUG\TMP\CRC32.OBJ
D:\MYFILES\CODES\GITHUP\C_C++\INKSCAPE\CAIRO\CAIRO\CAIRO_PRJ_WIN\ZLIB125\ZLIB-1.2.5\CONTRIB\VSTUDIO\VC10\X86\ZLIBDLLDEBUG\TMP\DEFLATE.OBJ
D:\MYFILES\CODES\GITHUP\C_C++\INKSCAPE\CAIRO\CAIRO\CAIRO_PRJ_WIN\ZLIB125\ZLIB-1.2.5\CONTRIB\VSTUDIO\VC10\X86\ZLIBDLLDEBUG\TMP\GZCLOSE.OBJ
D:\MYFILES\CODES\GITHUP\C_C++\INKSCAPE\CAIRO\CAIRO\CAIRO_PRJ_WIN\ZLIB125\ZLIB-1.2.5\CONTRIB\VSTUDIO\VC10\X86\ZLIBDLLDEBUG\TMP\GZLIB.OBJ
D:\MYFILES\CODES\GITHUP\C_C++\INKSCAPE\CAIRO\CAIRO\CAIRO_PRJ_WIN\ZLIB125\ZLIB-1.2.5\CONTRIB\VSTUDIO\VC10\X86\ZLIBDLLDEBUG\TMP\GZREAD.OBJ
D:\MYFILES\CODES\GITHUP\C_C++\INKSCAPE\CAIRO\CAIRO\CAIRO_PRJ_WIN\ZLIB125\ZLIB-1.2.5\CONTRIB\VSTUDIO\VC10\X86\ZLIBDLLDEBUG\TMP\GZWRITE.OBJ
D:\MYFILES\CODES\GITHUP\C_C++\INKSCAPE\CAIRO\CAIRO\CAIRO_PRJ_WIN\ZLIB125\ZLIB-1.2.5\CONTRIB\VSTUDIO\VC10\X86\ZLIBDLLDEBUG\TMP\INFBACK.OBJ
D:\MYFILES\CODES\GITHUP\C_C++\INKSCAPE\CAIRO\CAIRO\CAIRO_PRJ_WIN\ZLIB125\ZLIB-1.2.5\CONTRIB\VSTUDIO\VC10\X86\ZLIBDLLDEBUG\TMP\INFFAST.OBJ
D:\MYFILES\CODES\GITHUP\C_C++\INKSCAPE\CAIRO\CAIRO\CAIRO_PRJ_WIN\ZLIB125\ZLIB-1.2.5\CONTRIB\VSTUDIO\VC10\X86\ZLIBDLLDEBUG\TMP\INFLATE.OBJ
D:\MYFILES\CODES\GITHUP\C_C++\INKSCAPE\CAIRO\CAIRO\CAIRO_PRJ_WIN\ZLIB125\ZLIB-1.2.5\CONTRIB\VSTUDIO\VC10\X86\ZLIBDLLDEBUG\TMP\INFTREES.OBJ
D:\MYFILES\CODES\GITHUP\C_C++\INKSCAPE\CAIRO\CAIRO\CAIRO_PRJ_WIN\ZLIB125\ZLIB-1.2.5\CONTRIB\VSTUDIO\VC10\X86\ZLIBDLLDEBUG\TMP\IOAPI.OBJ
D:\MYFILES\CODES\GITHUP\C_C++\INKSCAPE\CAIRO\CAIRO\CAIRO_PRJ_WIN\ZLIB125\ZLIB-1.2.5\CONTRIB\VSTUDIO\VC10\X86\ZLIBDLLDEBUG\TMP\IOWIN32.OBJ
D:\myfiles\codes\githup\C_C++\inkscape\cairo\cairo\cairo_prj_win\zlib125\zlib-1.2.5\contrib\vstudio\vc10\x86\ZlibDllDebug\Tmp\link.command.1.tlog
D:\myfiles\codes\githup\C_C++\inkscape\cairo\cairo\cairo_prj_win\zlib125\zlib-1.2.5\contrib\vstudio\vc10\x86\ZlibDllDebug\Tmp\link.read.1.tlog
D:\myfiles\codes\githup\C_C++\inkscape\cairo\cairo\cairo_prj_win\zlib125\zlib-1.2.5\contrib\vstudio\vc10\x86\ZlibDllDebug\Tmp\link.write.1.tlog
D:\myfiles\codes\githup\C_C++\inkscape\cairo\cairo\cairo_prj_win\zlib125\zlib-1.2.5\contrib\vstudio\vc10\x86\ZlibDllDebug\Tmp\rc.command.1.tlog
D:\myfiles\codes\githup\C_C++\inkscape\cairo\cairo\cairo_prj_win\zlib125\zlib-1.2.5\contrib\vstudio\vc10\x86\ZlibDllDebug\Tmp\rc.read.1.tlog
D:\myfiles\codes\githup\C_C++\inkscape\cairo\cairo\cairo_prj_win\zlib125\zlib-1.2.5\contrib\vstudio\vc10\x86\ZlibDllDebug\Tmp\rc.write.1.tlog
D:\MYFILES\CODES\GITHUP\C_C++\INKSCAPE\CAIRO\CAIRO\CAIRO_PRJ_WIN\ZLIB125\ZLIB-1.2.5\CONTRIB\VSTUDIO\VC10\X86\ZLIBDLLDEBUG\TMP\TREES.OBJ
D:\MYFILES\CODES\GITHUP\C_C++\INKSCAPE\CAIRO\CAIRO\CAIRO_PRJ_WIN\ZLIB125\ZLIB-1.2.5\CONTRIB\VSTUDIO\VC10\X86\ZLIBDLLDEBUG\TMP\UNCOMPR.OBJ
D:\MYFILES\CODES\GITHUP\C_C++\INKSCAPE\CAIRO\CAIRO\CAIRO_PRJ_WIN\ZLIB125\ZLIB-1.2.5\CONTRIB\VSTUDIO\VC10\X86\ZLIBDLLDEBUG\TMP\UNZIP.OBJ
D:\MYFILES\CODES\GITHUP\C_C++\INKSCAPE\CAIRO\CAIRO\CAIRO_PRJ_WIN\ZLIB125\ZLIB-1.2.5\CONTRIB\VSTUDIO\VC10\X86\ZLIBDLLDEBUG\TMP\ZIP.OBJ
D:\MYFILES\CODES\GITHUP\C_C++\INKSCAPE\CAIRO\CAIRO\CAIRO_PRJ_WIN\ZLIB125\ZLIB-1.2.5\CONTRIB\VSTUDIO\VC10\X86\ZLIBDLLDEBUG\TMP\ZLIB.RES
D:\myfiles\codes\githup\C_C++\inkscape\cairo\cairo\cairo_prj_win\zlib125\zlib-1.2.5\contrib\vstudio\vc10\x86\ZlibDllDebug\Tmp\zlibvc.vcxprojResolveAssemblyReference.cache
D:\myfiles\codes\githup\C_C++\inkscape\cairo\cairo\cairo_prj_win\zlib125\zlib-1.2.5\contrib\vstudio\vc10\x86\ZlibDllDebug\Tmp\zlibvc.write.1.tlog
D:\MYFILES\CODES\GITHUP\C_C++\INKSCAPE\CAIRO\CAIRO\CAIRO_PRJ_WIN\ZLIB125\ZLIB-1.2.5\CONTRIB\VSTUDIO\VC10\X86\ZLIBDLLDEBUG\TMP\ZUTIL.OBJ
D:\MYFILES\CODES\GITHUP\C_C++\INKSCAPE\CAIRO\CAIRO\CAIRO_PRJ_WIN\ZLIB125\ZLIB-1.2.5\CONTRIB\VSTUDIO\VC10\X86\ZLIBDLLDEBUG\VC100.PDB
