生成启动时间为 2017/3/20 9:27:09。
     1>项目“D:\myfiles\codes\githup\C_C++\inkscape\cairo\cairo\cairo_prj_win\zlib125\zlib-1.2.5\contrib\vstudio\vc10\zlibvc.vcxproj”在节点 2 上(rebuild 个目标)。
     1>_PrepareForClean:
         正在删除文件“x86\ZlibDllDebug\Tmp\zlibvc.lastbuildstate”。
       InitializeBuildStatus:
         正在对“x86\ZlibDllDebug\Tmp\zlibvc.unsuccessfulbuild”执行 Touch 任务。
       ClCompile:
         C:\Program Files (x86)\Microsoft Visual Studio 10.0\VC\bin\CL.exe /c /I..\..\.. /I..\..\masmx86 /ZI /nologo /W3 /WX- /Od /Oy- /D WIN32 /D _CRT_NONSTDC_NO_DEPRECATE /D _CRT_SECURE_NO_DEPRECATE /D _CRT_NONSTDC_NO_WARNINGS /D ZLIB_WINAPI /D ASMV /D ASMINF /D _WINDLL /Gm- /MTd /GS- /fp:precise /Zc:wchar_t /Zc:forScope /Fo"x86\ZlibDllDebug\Tmp\\" /Fd"x86\ZlibDllDebug\vc100.pdb" /Gd /TC /analyze- /errorReport:prompt ..\..\..\adler32.c ..\..\..\compress.c ..\..\..\crc32.c ..\..\..\deflate.c ..\..\..\gzclose.c ..\..\..\gzlib.c ..\..\..\gzread.c ..\..\..\gzwrite.c ..\..\..\infback.c ..\..\..\inffast.c ..\..\..\inflate.c ..\..\..\inftrees.c ..\..\minizip\ioapi.c ..\..\minizip\iowin32.c ..\..\..\trees.c ..\..\..\uncompr.c ..\..\minizip\unzip.c ..\..\minizip\zip.c ..\..\..\zutil.c
         adler32.c
         compress.c
         crc32.c
         deflate.c
         gzclose.c
         gzlib.c
         gzread.c
         gzwrite.c
         infback.c
         inffast.c
         inflate.c
         inftrees.c
         ioapi.c
         iowin32.c
         trees.c
         uncompr.c
         unzip.c
         zip.c
         zutil.c
         正在生成代码...
       ResourceCompile:
         C:\Program Files (x86)\Microsoft SDKs\Windows\v7.0A\bin\rc.exe /D _DEBUG /l"0x040c" /nologo /fo"x86\ZlibDllDebug\Tmp\zlib.res" zlib.rc 
     1>C:\Program Files (x86)\MSBuild\Microsoft.Cpp\v4.0\Microsoft.CppBuild.targets(990,5): warning MSB8012: TargetPath(D:\myfiles\codes\githup\C_C++\inkscape\cairo\cairo\cairo_prj_win\zlib125\zlib-1.2.5\contrib\vstudio\vc10\x86\ZlibDllDebug\zlibvc.dll) 与 Linker 的 OutputFile 属性值(D:\myfiles\codes\githup\C_C++\inkscape\cairo\cairo\cairo_prj_win\zlib125\zlib-1.2.5\contrib\vstudio\vc10\x86\ZlibDllDebug\zlibwapi.dll)不匹配。这可能导致项目生成不正确。若要更正此问题，请确保 $(OutDir)、$(TargetName) 和 $(TargetExt) 属性值与 %(Link.OutputFile) 中指定的值匹配。
     1>C:\Program Files (x86)\MSBuild\Microsoft.Cpp\v4.0\Microsoft.CppBuild.targets(992,5): warning MSB8012: TargetName(zlibvc) 与 Linker 的 OutputFile 属性值(zlibwapi)不匹配。这可能导致项目生成不正确。若要更正此问题，请确保 $(OutDir)、$(TargetName) 和 $(TargetExt) 属性值与 %(Link.OutputFile) 中指定的值匹配。
       Link:
         C:\Program Files (x86)\Microsoft Visual Studio 10.0\VC\bin\link.exe /ERRORREPORT:PROMPT /OUT:"x86\ZlibDllDebug\zlibwapi.dll" /INCREMENTAL /NOLOGO ..\..\masmx86\match686.obj ..\..\masmx86\inffas32.obj kernel32.lib user32.lib gdi32.lib winspool.lib comdlg32.lib advapi32.lib shell32.lib ole32.lib oleaut32.lib uuid.lib odbc32.lib odbccp32.lib /DEF:".\zlibvc.def" /MANIFEST:NO /DEBUG /PDB:"x86\ZlibDllDebug\zlibwapi.pdb" /MAP:"x86\ZlibDllDebug\zlibwapi.map" /SUBSYSTEM:WINDOWS /TLBID:1 /DYNAMICBASE:NO /IMPLIB:"x86\ZlibDllDebug\zlibwapi.lib" /MACHINE:X86 /DLL x86\ZlibDllDebug\Tmp\zlib.res
         x86\ZlibDllDebug\Tmp\adler32.obj
         x86\ZlibDllDebug\Tmp\compress.obj
         x86\ZlibDllDebug\Tmp\crc32.obj
         x86\ZlibDllDebug\Tmp\deflate.obj
         x86\ZlibDllDebug\Tmp\gzclose.obj
         x86\ZlibDllDebug\Tmp\gzlib.obj
         x86\ZlibDllDebug\Tmp\gzread.obj
         x86\ZlibDllDebug\Tmp\gzwrite.obj
         x86\ZlibDllDebug\Tmp\infback.obj
         x86\ZlibDllDebug\Tmp\inffast.obj
         x86\ZlibDllDebug\Tmp\inflate.obj
         x86\ZlibDllDebug\Tmp\inftrees.obj
         x86\ZlibDllDebug\Tmp\ioapi.obj
         x86\ZlibDllDebug\Tmp\iowin32.obj
         x86\ZlibDllDebug\Tmp\trees.obj
         x86\ZlibDllDebug\Tmp\uncompr.obj
         x86\ZlibDllDebug\Tmp\unzip.obj
         x86\ZlibDllDebug\Tmp\zip.obj
         x86\ZlibDllDebug\Tmp\zutil.obj /MACHINE:I386 
     1>LINK : fatal error LNK1104: 无法打开文件“..\..\masmx86\match686.obj”
     1>已完成生成项目“D:\myfiles\codes\githup\C_C++\inkscape\cairo\cairo\cairo_prj_win\zlib125\zlib-1.2.5\contrib\vstudio\vc10\zlibvc.vcxproj”(rebuild 个目标)的操作 - 失败。

生成失败。

已用时间 00:00:03.60
